{"/opt/learnexpo/app/touchcrm/App.js": {"path":"/opt/learnexpo/app/touchcrm/App.js","statementMap":{"0":{"start":{"line":7,"column":14},"end":{"line":7,"column":31}},"1":{"start":{"line":10,"column":2},"end":{"line":14,"column":4}}},"fnMap":{"0":{"name":"App","decl":{"start":{"line":9,"column":24},"end":{"line":9,"column":27}},"loc":{"start":{"line":9,"column":30},"end":{"line":15,"column":1}},"line":9}},"branchMap":{},"s":{"0":1,"1":2},"f":{"0":2},"b":{},"_coverageSchema":"1a1c01bbd47fc00a2c39e90264f33305004495a9","hash":"aae9d668952a569dc058a02a3d7956e05fde90c6"}
,"/opt/learnexpo/app/touchcrm/src/components/button/index.js": {"path":"/opt/learnexpo/app/touchcrm/src/components/button/index.js","statementMap":{"0":{"start":{"line":4,"column":12},"end":{"line":13,"column":1}},"1":{"start":{"line":5,"column":2},"end":{"line":12,"column":4}}},"fnMap":{"0":{"name":"(anonymous_0)","decl":{"start":{"line":4,"column":12},"end":{"line":4,"column":13}},"loc":{"start":{"line":4,"column":70},"end":{"line":13,"column":1}},"line":4},"1":{"name":"(anonymous_1)","decl":{"start":{"line":4,"column":55},"end":{"line":4,"column":56}},"loc":{"start":{"line":4,"column":61},"end":{"line":4,"column":63}},"line":4}},"branchMap":{"0":{"loc":{"start":{"line":4,"column":15},"end":{"line":4,"column":43}},"type":"default-arg","locations":[{"start":{"line":4,"column":23},"end":{"line":4,"column":43}}],"line":4},"1":{"loc":{"start":{"line":4,"column":45},"end":{"line":4,"column":63}},"type":"default-arg","locations":[{"start":{"line":4,"column":55},"end":{"line":4,"column":63}}],"line":4}},"s":{"0":3,"1":11},"f":{"0":11,"1":0},"b":{"0":[1],"1":[1]},"_coverageSchema":"1a1c01bbd47fc00a2c39e90264f33305004495a9","hash":"1d03c0ead9f724ef752f498dcf1a76a3b42967ca"}
,"/opt/learnexpo/app/touchcrm/src/components/styles/index.js": {"path":"/opt/learnexpo/app/touchcrm/src/components/styles/index.js","statementMap":{"0":{"start":{"line":3,"column":18},"end":{"line":3,"column":27}}},"fnMap":{},"branchMap":{},"s":{"0":4},"f":{},"b":{},"_coverageSchema":"1a1c01bbd47fc00a2c39e90264f33305004495a9","hash":"c0658f1c5b2235198dce78b302778bc9d61eec4c"}
,"/opt/learnexpo/app/touchcrm/src/features/auth/hooks.js": {"path":"/opt/learnexpo/app/touchcrm/src/features/auth/hooks.js","statementMap":{"0":{"start":{"line":5,"column":23},"end":{"line":27,"column":1}},"1":{"start":{"line":6,"column":19},"end":{"line":6,"column":32}},"2":{"start":{"line":7,"column":16},"end":{"line":7,"column":26}},"3":{"start":{"line":9,"column":2},"end":{"line":26,"column":3}},"4":{"start":{"line":11,"column":23},"end":{"line":11,"column":39}},"5":{"start":{"line":12,"column":6},"end":{"line":12,"column":18}},"6":{"start":{"line":15,"column":6},"end":{"line":18,"column":8}},"7":{"start":{"line":16,"column":8},"end":{"line":16,"column":32}},"8":{"start":{"line":17,"column":8},"end":{"line":17,"column":22}},"9":{"start":{"line":21,"column":6},"end":{"line":24,"column":8}},"10":{"start":{"line":22,"column":8},"end":{"line":22,"column":32}},"11":{"start":{"line":23,"column":8},"end":{"line":23,"column":22}}},"fnMap":{"0":{"name":"(anonymous_0)","decl":{"start":{"line":5,"column":23},"end":{"line":5,"column":24}},"loc":{"start":{"line":5,"column":29},"end":{"line":27,"column":1}},"line":5},"1":{"name":"(anonymous_1)","decl":{"start":{"line":10,"column":4},"end":{"line":10,"column":5}},"loc":{"start":{"line":10,"column":14},"end":{"line":13,"column":5}},"line":10},"2":{"name":"(anonymous_2)","decl":{"start":{"line":14,"column":4},"end":{"line":14,"column":5}},"loc":{"start":{"line":14,"column":16},"end":{"line":19,"column":5}},"line":14},"3":{"name":"(anonymous_3)","decl":{"start":{"line":15,"column":25},"end":{"line":15,"column":26}},"loc":{"start":{"line":15,"column":38},"end":{"line":18,"column":7}},"line":15},"4":{"name":"(anonymous_4)","decl":{"start":{"line":20,"column":4},"end":{"line":20,"column":5}},"loc":{"start":{"line":20,"column":13},"end":{"line":25,"column":5}},"line":20},"5":{"name":"(anonymous_5)","decl":{"start":{"line":21,"column":25},"end":{"line":21,"column":26}},"loc":{"start":{"line":21,"column":38},"end":{"line":24,"column":7}},"line":21}},"branchMap":{},"s":{"0":2,"1":1,"2":1,"3":1,"4":0,"5":0,"6":0,"7":0,"8":0,"9":0,"10":0,"11":0},"f":{"0":1,"1":0,"2":0,"3":0,"4":0,"5":0},"b":{},"_coverageSchema":"1a1c01bbd47fc00a2c39e90264f33305004495a9","hash":"a0d27537e9d148387fb3937bcc06086658d98eba"}
,"/opt/learnexpo/app/touchcrm/src/features/auth/index.js": {"path":"/opt/learnexpo/app/touchcrm/src/features/auth/index.js","statementMap":{"0":{"start":{"line":3,"column":18},"end":{"line":11,"column":2}},"1":{"start":{"line":8,"column":6},"end":{"line":8,"column":35}},"2":{"start":{"line":13,"column":27},"end":{"line":13,"column":44}}},"fnMap":{"0":{"name":"(anonymous_0)","decl":{"start":{"line":7,"column":4},"end":{"line":7,"column":5}},"loc":{"start":{"line":7,"column":27},"end":{"line":9,"column":5}},"line":7}},"branchMap":{},"s":{"0":3,"1":0,"2":3},"f":{"0":0},"b":{},"_coverageSchema":"1a1c01bbd47fc00a2c39e90264f33305004495a9","hash":"21baeed78479b77da43352f4aa545ab8fb038ee8"}
,"/opt/learnexpo/app/touchcrm/src/features/auth/sagas.js": {"path":"/opt/learnexpo/app/touchcrm/src/features/auth/sagas.js","statementMap":{"0":{"start":{"line":4,"column":2},"end":{"line":4,"column":48}},"1":{"start":{"line":8,"column":2},"end":{"line":8,"column":71}}},"fnMap":{"0":{"name":"watchAuthentications","decl":{"start":{"line":3,"column":17},"end":{"line":3,"column":37}},"loc":{"start":{"line":3,"column":40},"end":{"line":5,"column":1}},"line":3},"1":{"name":"authResponse","decl":{"start":{"line":7,"column":10},"end":{"line":7,"column":22}},"loc":{"start":{"line":7,"column":25},"end":{"line":9,"column":1}},"line":7}},"branchMap":{},"s":{"0":5,"1":0},"f":{"0":5,"1":0},"b":{},"_coverageSchema":"1a1c01bbd47fc00a2c39e90264f33305004495a9","hash":"987ea63f9dac7cf04fbb1c903d98c8c685f8ee4c"}
,"/opt/learnexpo/app/touchcrm/src/features/customer/customerSlice.js": {"path":"/opt/learnexpo/app/touchcrm/src/features/customer/customerSlice.js","statementMap":{"0":{"start":{"line":3,"column":22},"end":{"line":32,"column":2}},"1":{"start":{"line":8,"column":6},"end":{"line":8,"column":57}},"2":{"start":{"line":9,"column":6},"end":{"line":12,"column":8}},"3":{"start":{"line":15,"column":23},"end":{"line":15,"column":85}},"4":{"start":{"line":15,"column":61},"end":{"line":15,"column":84}},"5":{"start":{"line":16,"column":6},"end":{"line":16,"column":42}},"6":{"start":{"line":19,"column":6},"end":{"line":22,"column":8}},"7":{"start":{"line":25,"column":23},"end":{"line":25,"column":105}},"8":{"start":{"line":25,"column":80},"end":{"line":25,"column":103}},"9":{"start":{"line":26,"column":6},"end":{"line":29,"column":8}},"10":{"start":{"line":34,"column":45},"end":{"line":34,"column":66}}},"fnMap":{"0":{"name":"(anonymous_0)","decl":{"start":{"line":7,"column":4},"end":{"line":7,"column":5}},"loc":{"start":{"line":7,"column":23},"end":{"line":13,"column":5}},"line":7},"1":{"name":"(anonymous_1)","decl":{"start":{"line":14,"column":4},"end":{"line":14,"column":5}},"loc":{"start":{"line":14,"column":26},"end":{"line":17,"column":5}},"line":14},"2":{"name":"(anonymous_2)","decl":{"start":{"line":15,"column":52},"end":{"line":15,"column":53}},"loc":{"start":{"line":15,"column":61},"end":{"line":15,"column":84}},"line":15},"3":{"name":"(anonymous_3)","decl":{"start":{"line":18,"column":4},"end":{"line":18,"column":5}},"loc":{"start":{"line":18,"column":24},"end":{"line":23,"column":5}},"line":18},"4":{"name":"(anonymous_4)","decl":{"start":{"line":24,"column":4},"end":{"line":24,"column":5}},"loc":{"start":{"line":24,"column":26},"end":{"line":30,"column":5}},"line":24},"5":{"name":"(anonymous_5)","decl":{"start":{"line":25,"column":71},"end":{"line":25,"column":72}},"loc":{"start":{"line":25,"column":80},"end":{"line":25,"column":103}},"line":25}},"branchMap":{},"s":{"0":3,"1":0,"2":0,"3":0,"4":0,"5":0,"6":0,"7":0,"8":0,"9":0,"10":3},"f":{"0":0,"1":0,"2":0,"3":0,"4":0,"5":0},"b":{},"_coverageSchema":"1a1c01bbd47fc00a2c39e90264f33305004495a9","hash":"0f9ef72331060f006a5eeaa00bee601c8419d0d6"}
,"/opt/learnexpo/app/touchcrm/src/features/customer/index.js": {"path":"/opt/learnexpo/app/touchcrm/src/features/customer/index.js","statementMap":{},"fnMap":{},"branchMap":{},"s":{},"f":{},"b":{}}
,"/opt/learnexpo/app/touchcrm/src/features/customer/sagas.js": {"path":"/opt/learnexpo/app/touchcrm/src/features/customer/sagas.js","statementMap":{"0":{"start":{"line":8,"column":2},"end":{"line":8,"column":62}},"1":{"start":{"line":12,"column":2},"end":{"line":12,"column":57}},"2":{"start":{"line":16,"column":2},"end":{"line":16,"column":60}},"3":{"start":{"line":31,"column":2},"end":{"line":31,"column":56}},"4":{"start":{"line":32,"column":2},"end":{"line":35,"column":5}},"5":{"start":{"line":41,"column":2},"end":{"line":41,"column":29}},"6":{"start":{"line":45,"column":2},"end":{"line":45,"column":26}},"7":{"start":{"line":49,"column":2},"end":{"line":56,"column":3}},"8":{"start":{"line":50,"column":22},"end":{"line":50,"column":49}},"9":{"start":{"line":51,"column":4},"end":{"line":53,"column":5}},"10":{"start":{"line":52,"column":6},"end":{"line":52,"column":50}},"11":{"start":{"line":55,"column":4},"end":{"line":55,"column":69}},"12":{"start":{"line":60,"column":2},"end":{"line":60,"column":29}},"13":{"start":{"line":64,"column":2},"end":{"line":70,"column":3}},"14":{"start":{"line":65,"column":4},"end":{"line":65,"column":28}},"15":{"start":{"line":68,"column":4},"end":{"line":68,"column":34}},"16":{"start":{"line":69,"column":4},"end":{"line":69,"column":28}},"17":{"start":{"line":74,"column":20},"end":{"line":74,"column":58}},"18":{"start":{"line":74,"column":42},"end":{"line":74,"column":57}},"19":{"start":{"line":76,"column":2},"end":{"line":76,"column":40}}},"fnMap":{"0":{"name":"watchFetchCustomers","decl":{"start":{"line":7,"column":17},"end":{"line":7,"column":36}},"loc":{"start":{"line":7,"column":39},"end":{"line":9,"column":1}},"line":7},"1":{"name":"watchCreateCustomer","decl":{"start":{"line":11,"column":17},"end":{"line":11,"column":36}},"loc":{"start":{"line":11,"column":39},"end":{"line":13,"column":1}},"line":11},"2":{"name":"watchUpdateCustomer","decl":{"start":{"line":15,"column":17},"end":{"line":15,"column":36}},"loc":{"start":{"line":15,"column":39},"end":{"line":26,"column":1}},"line":15},"3":{"name":"outWithOldInWithNew","decl":{"start":{"line":28,"column":10},"end":{"line":28,"column":29}},"loc":{"start":{"line":28,"column":39},"end":{"line":38,"column":1}},"line":28},"4":{"name":"clearExistingCustomerRecordMatching","decl":{"start":{"line":40,"column":10},"end":{"line":40,"column":45}},"loc":{"start":{"line":40,"column":55},"end":{"line":42,"column":1}},"line":40},"5":{"name":"replaceCustomerRecordWith","decl":{"start":{"line":44,"column":10},"end":{"line":44,"column":35}},"loc":{"start":{"line":44,"column":45},"end":{"line":46,"column":1}},"line":44},"6":{"name":"readAndLoad","decl":{"start":{"line":48,"column":10},"end":{"line":48,"column":21}},"loc":{"start":{"line":48,"column":24},"end":{"line":57,"column":1}},"line":48},"7":{"name":"dispatchCustomerLoad","decl":{"start":{"line":59,"column":10},"end":{"line":59,"column":30}},"loc":{"start":{"line":59,"column":42},"end":{"line":61,"column":1}},"line":59},"8":{"name":"fetchCustomers","decl":{"start":{"line":63,"column":10},"end":{"line":63,"column":24}},"loc":{"start":{"line":63,"column":27},"end":{"line":71,"column":1}},"line":63},"9":{"name":"addCustomerToStorage","decl":{"start":{"line":73,"column":10},"end":{"line":73,"column":30}},"loc":{"start":{"line":73,"column":33},"end":{"line":77,"column":1}},"line":73},"10":{"name":"(anonymous_10)","decl":{"start":{"line":74,"column":33},"end":{"line":74,"column":34}},"loc":{"start":{"line":74,"column":42},"end":{"line":74,"column":57}},"line":74}},"branchMap":{"0":{"loc":{"start":{"line":51,"column":4},"end":{"line":53,"column":5}},"type":"if","locations":[{"start":{"line":51,"column":4},"end":{"line":53,"column":5}},{"start":{},"end":{}}],"line":51}},"s":{"0":5,"1":5,"2":5,"3":0,"4":0,"5":0,"6":0,"7":2,"8":2,"9":2,"10":1,"11":1,"12":1,"13":1,"14":1,"15":1,"16":1,"17":0,"18":0,"19":0},"f":{"0":5,"1":5,"2":5,"3":0,"4":0,"5":0,"6":2,"7":1,"8":1,"9":0,"10":0},"b":{"0":[1,0]},"_coverageSchema":"1a1c01bbd47fc00a2c39e90264f33305004495a9","hash":"cbe1ce59f6ffc7b7e84dfb0def9112b966b48db2"}
,"/opt/learnexpo/app/touchcrm/src/features/customer/components/CustomerForm.js": {"path":"/opt/learnexpo/app/touchcrm/src/features/customer/components/CustomerForm.js","statementMap":{"0":{"start":{"line":8,"column":15},"end":{"line":8,"column":38}},"1":{"start":{"line":19,"column":32},"end":{"line":41,"column":1}},"2":{"start":{"line":20,"column":18},"end":{"line":32,"column":4}},"3":{"start":{"line":21,"column":4},"end":{"line":31,"column":35}},"4":{"start":{"line":33,"column":20},"end":{"line":35,"column":4}},"5":{"start":{"line":34,"column":4},"end":{"line":34,"column":120}},"6":{"start":{"line":36,"column":18},"end":{"line":38,"column":4}},"7":{"start":{"line":37,"column":4},"end":{"line":37,"column":82}},"8":{"start":{"line":40,"column":2},"end":{"line":40,"column":62}},"9":{"start":{"line":43,"column":24},"end":{"line":47,"column":1}},"10":{"start":{"line":44,"column":2},"end":{"line":46,"column":99}},"11":{"start":{"line":49,"column":24},"end":{"line":66,"column":1}},"12":{"start":{"line":50,"column":2},"end":{"line":65,"column":4}},"13":{"start":{"line":56,"column":8},"end":{"line":62,"column":26}},"14":{"start":{"line":68,"column":33},"end":{"line":152,"column":1}},"15":{"start":{"line":69,"column":21},"end":{"line":69,"column":171}},"16":{"start":{"line":70,"column":2},"end":{"line":151,"column":5}},"17":{"start":{"line":155,"column":21},"end":{"line":192,"column":1}},"18":{"start":{"line":156,"column":66},"end":{"line":156,"column":75}},"19":{"start":{"line":158,"column":21},"end":{"line":158,"column":26}},"20":{"start":{"line":159,"column":19},"end":{"line":159,"column":103}},"21":{"start":{"line":159,"column":65},"end":{"line":159,"column":91}},"22":{"start":{"line":161,"column":30},"end":{"line":169,"column":3}},"23":{"start":{"line":162,"column":4},"end":{"line":168,"column":13}},"24":{"start":{"line":164,"column":8},"end":{"line":166,"column":11}},"25":{"start":{"line":172,"column":19},"end":{"line":175,"column":3}},"26":{"start":{"line":173,"column":4},"end":{"line":173,"column":29}},"27":{"start":{"line":174,"column":4},"end":{"line":174,"column":12}},"28":{"start":{"line":177,"column":2},"end":{"line":191,"column":4}},"29":{"start":{"line":194,"column":24},"end":{"line":196,"column":1}},"30":{"start":{"line":195,"column":2},"end":{"line":195,"column":23}}},"fnMap":{"0":{"name":"(anonymous_0)","decl":{"start":{"line":19,"column":32},"end":{"line":19,"column":33}},"loc":{"start":{"line":19,"column":65},"end":{"line":41,"column":1}},"line":19},"1":{"name":"(anonymous_1)","decl":{"start":{"line":20,"column":29},"end":{"line":20,"column":30}},"loc":{"start":{"line":21,"column":4},"end":{"line":31,"column":35}},"line":21},"2":{"name":"(anonymous_2)","decl":{"start":{"line":33,"column":31},"end":{"line":33,"column":32}},"loc":{"start":{"line":34,"column":4},"end":{"line":34,"column":120}},"line":34},"3":{"name":"(anonymous_3)","decl":{"start":{"line":36,"column":29},"end":{"line":36,"column":30}},"loc":{"start":{"line":37,"column":4},"end":{"line":37,"column":82}},"line":37},"4":{"name":"(anonymous_4)","decl":{"start":{"line":43,"column":24},"end":{"line":43,"column":25}},"loc":{"start":{"line":43,"column":63},"end":{"line":47,"column":1}},"line":43},"5":{"name":"(anonymous_5)","decl":{"start":{"line":49,"column":24},"end":{"line":49,"column":25}},"loc":{"start":{"line":49,"column":110},"end":{"line":66,"column":1}},"line":49},"6":{"name":"(anonymous_6)","decl":{"start":{"line":55,"column":14},"end":{"line":55,"column":15}},"loc":{"start":{"line":56,"column":8},"end":{"line":62,"column":26}},"line":56},"7":{"name":"(anonymous_7)","decl":{"start":{"line":68,"column":33},"end":{"line":68,"column":34}},"loc":{"start":{"line":68,"column":39},"end":{"line":152,"column":1}},"line":68},"8":{"name":"(anonymous_8)","decl":{"start":{"line":155,"column":21},"end":{"line":155,"column":22}},"loc":{"start":{"line":155,"column":87},"end":{"line":192,"column":1}},"line":155},"9":{"name":"(anonymous_9)","decl":{"start":{"line":159,"column":51},"end":{"line":159,"column":52}},"loc":{"start":{"line":159,"column":65},"end":{"line":159,"column":91}},"line":159},"10":{"name":"(anonymous_10)","decl":{"start":{"line":161,"column":30},"end":{"line":161,"column":31}},"loc":{"start":{"line":161,"column":50},"end":{"line":169,"column":3}},"line":161},"11":{"name":"(anonymous_11)","decl":{"start":{"line":163,"column":17},"end":{"line":163,"column":18}},"loc":{"start":{"line":163,"column":33},"end":{"line":167,"column":7}},"line":163},"12":{"name":"(anonymous_12)","decl":{"start":{"line":172,"column":19},"end":{"line":172,"column":20}},"loc":{"start":{"line":172,"column":35},"end":{"line":175,"column":3}},"line":172},"13":{"name":"(anonymous_13)","decl":{"start":{"line":194,"column":24},"end":{"line":194,"column":25}},"loc":{"start":{"line":194,"column":57},"end":{"line":196,"column":1}},"line":194}},"branchMap":{"0":{"loc":{"start":{"line":30,"column":20},"end":{"line":30,"column":43}},"type":"binary-expr","locations":[{"start":{"line":30,"column":20},"end":{"line":30,"column":37}},{"start":{"line":30,"column":41},"end":{"line":30,"column":43}}],"line":30},"1":{"loc":{"start":{"line":44,"column":9},"end":{"line":46,"column":98}},"type":"binary-expr","locations":[{"start":{"line":44,"column":9},"end":{"line":44,"column":15}},{"start":{"line":45,"column":7},"end":{"line":45,"column":24}},{"start":{"line":46,"column":8},"end":{"line":46,"column":97}}],"line":44},"2":{"loc":{"start":{"line":49,"column":27},"end":{"line":49,"column":42}},"type":"default-arg","locations":[{"start":{"line":49,"column":38},"end":{"line":49,"column":42}}],"line":49},"3":{"loc":{"start":{"line":56,"column":8},"end":{"line":62,"column":26}},"type":"binary-expr","locations":[{"start":{"line":56,"column":8},"end":{"line":56,"column":17}},{"start":{"line":56,"column":21},"end":{"line":62,"column":26}}],"line":56},"4":{"loc":{"start":{"line":155,"column":24},"end":{"line":155,"column":50}},"type":"default-arg","locations":[{"start":{"line":155,"column":39},"end":{"line":155,"column":50}}],"line":155},"5":{"loc":{"start":{"line":159,"column":19},"end":{"line":159,"column":103}},"type":"binary-expr","locations":[{"start":{"line":159,"column":19},"end":{"line":159,"column":95}},{"start":{"line":159,"column":99},"end":{"line":159,"column":103}}],"line":159},"6":{"loc":{"start":{"line":162,"column":11},"end":{"line":168,"column":12}},"type":"cond-expr","locations":[{"start":{"line":163,"column":6},"end":{"line":167,"column":8}},{"start":{"line":168,"column":6},"end":{"line":168,"column":12}}],"line":162}},"s":{"0":3,"1":3,"2":6,"3":12,"4":6,"5":12,"6":6,"7":12,"8":6,"9":3,"10":12,"11":3,"12":12,"13":18,"14":3,"15":0,"16":0,"17":3,"18":6,"19":6,"20":6,"21":0,"22":6,"23":6,"24":0,"25":6,"26":1,"27":1,"28":6,"29":3,"30":2},"f":{"0":6,"1":12,"2":12,"3":12,"4":12,"5":12,"6":18,"7":0,"8":6,"9":0,"10":6,"11":0,"12":1,"13":2},"b":{"0":[12,12],"1":[12,12,2],"2":[0],"3":[18,18],"4":[0],"5":[6,6],"6":[0,6]},"_coverageSchema":"1a1c01bbd47fc00a2c39e90264f33305004495a9","hash":"a22a906e7bdf19d6d68fa84fc338c3c2a9fe4493"}
,"/opt/learnexpo/app/touchcrm/src/features/customer/components/CustomerList.js": {"path":"/opt/learnexpo/app/touchcrm/src/features/customer/components/CustomerList.js","statementMap":{"0":{"start":{"line":11,"column":21},"end":{"line":30,"column":1}},"1":{"start":{"line":12,"column":28},"end":{"line":17,"column":8}},"2":{"start":{"line":13,"column":36},"end":{"line":13,"column":37}},"3":{"start":{"line":14,"column":29},"end":{"line":14,"column":109}},"4":{"start":{"line":14,"column":75},"end":{"line":14,"column":108}},"5":{"start":{"line":15,"column":4},"end":{"line":16,"column":80}},"6":{"start":{"line":18,"column":23},"end":{"line":18,"column":74}},"7":{"start":{"line":18,"column":37},"end":{"line":18,"column":74}},"8":{"start":{"line":19,"column":26},"end":{"line":19,"column":102}},"9":{"start":{"line":19,"column":55},"end":{"line":19,"column":101}},"10":{"start":{"line":20,"column":2},"end":{"line":29,"column":3}},"11":{"start":{"line":25,"column":39},"end":{"line":25,"column":44}},"12":{"start":{"line":32,"column":0},"end":{"line":34,"column":2}},"13":{"start":{"line":36,"column":24},"end":{"line":36,"column":58}},"14":{"start":{"line":36,"column":44},"end":{"line":36,"column":57}}},"fnMap":{"0":{"name":"(anonymous_0)","decl":{"start":{"line":11,"column":21},"end":{"line":11,"column":22}},"loc":{"start":{"line":11,"column":40},"end":{"line":30,"column":1}},"line":11},"1":{"name":"(anonymous_1)","decl":{"start":{"line":12,"column":64},"end":{"line":12,"column":65}},"loc":{"start":{"line":12,"column":74},"end":{"line":17,"column":3}},"line":12},"2":{"name":"(anonymous_2)","decl":{"start":{"line":14,"column":61},"end":{"line":14,"column":62}},"loc":{"start":{"line":14,"column":75},"end":{"line":14,"column":108}},"line":14},"3":{"name":"(anonymous_3)","decl":{"start":{"line":18,"column":23},"end":{"line":18,"column":24}},"loc":{"start":{"line":18,"column":37},"end":{"line":18,"column":74}},"line":18},"4":{"name":"(anonymous_4)","decl":{"start":{"line":19,"column":26},"end":{"line":19,"column":27}},"loc":{"start":{"line":19,"column":55},"end":{"line":19,"column":101}},"line":19},"5":{"name":"(anonymous_5)","decl":{"start":{"line":25,"column":22},"end":{"line":25,"column":23}},"loc":{"start":{"line":25,"column":39},"end":{"line":25,"column":44}},"line":25},"6":{"name":"(anonymous_6)","decl":{"start":{"line":36,"column":24},"end":{"line":36,"column":25}},"loc":{"start":{"line":36,"column":44},"end":{"line":36,"column":57}},"line":36}},"branchMap":{"0":{"loc":{"start":{"line":15,"column":11},"end":{"line":16,"column":79}},"type":"cond-expr","locations":[{"start":{"line":16,"column":6},"end":{"line":16,"column":64}},{"start":{"line":16,"column":67},"end":{"line":16,"column":79}}],"line":15}},"s":{"0":2,"1":1,"2":8,"3":8,"4":0,"5":8,"6":1,"7":0,"8":1,"9":0,"10":1,"11":0,"12":2,"13":2,"14":1},"f":{"0":1,"1":8,"2":0,"3":0,"4":0,"5":0,"6":1},"b":{"0":[0,8]},"_coverageSchema":"1a1c01bbd47fc00a2c39e90264f33305004495a9","hash":"6af12c327c45d1e86c6edaa3811a248e8621d956"}
,"/opt/learnexpo/app/touchcrm/src/features/customer/components/CustomerListEntry.js": {"path":"/opt/learnexpo/app/touchcrm/src/features/customer/components/CustomerListEntry.js","statementMap":{"0":{"start":{"line":6,"column":26},"end":{"line":29,"column":1}},"1":{"start":{"line":7,"column":2},"end":{"line":28,"column":4}}},"fnMap":{"0":{"name":"(anonymous_0)","decl":{"start":{"line":6,"column":26},"end":{"line":6,"column":27}},"loc":{"start":{"line":6,"column":44},"end":{"line":29,"column":1}},"line":6}},"branchMap":{},"s":{"0":2,"1":0},"f":{"0":0},"b":{},"_coverageSchema":"1a1c01bbd47fc00a2c39e90264f33305004495a9","hash":"8dcb1c3b2bc1a352bd5b7e45cb08d3c858280bdb"}
,"/opt/learnexpo/app/touchcrm/src/features/customer/components/CustomerProfile.js": {"path":"/opt/learnexpo/app/touchcrm/src/features/customer/components/CustomerProfile.js","statementMap":{"0":{"start":{"line":10,"column":27},"end":{"line":16,"column":1}},"1":{"start":{"line":11,"column":2},"end":{"line":15,"column":22}},"2":{"start":{"line":18,"column":24},"end":{"line":33,"column":1}},"3":{"start":{"line":19,"column":21},"end":{"line":19,"column":36}},"4":{"start":{"line":20,"column":2},"end":{"line":32,"column":4}},"5":{"start":{"line":29,"column":23},"end":{"line":29,"column":95}},"6":{"start":{"line":35,"column":0},"end":{"line":49,"column":2}}},"fnMap":{"0":{"name":"(anonymous_0)","decl":{"start":{"line":10,"column":27},"end":{"line":10,"column":28}},"loc":{"start":{"line":10,"column":33},"end":{"line":16,"column":1}},"line":10},"1":{"name":"(anonymous_1)","decl":{"start":{"line":18,"column":24},"end":{"line":18,"column":25}},"loc":{"start":{"line":18,"column":42},"end":{"line":33,"column":1}},"line":18},"2":{"name":"(anonymous_2)","decl":{"start":{"line":29,"column":17},"end":{"line":29,"column":18}},"loc":{"start":{"line":29,"column":23},"end":{"line":29,"column":95}},"line":29}},"branchMap":{},"s":{"0":2,"1":0,"2":2,"3":0,"4":0,"5":0,"6":2},"f":{"0":0,"1":0,"2":0},"b":{},"_coverageSchema":"1a1c01bbd47fc00a2c39e90264f33305004495a9","hash":"675c0b22ed6ee402ce6a00b361eb89dcb46d5870"}
,"/opt/learnexpo/app/touchcrm/src/features/notifications/index.js": {"path":"/opt/learnexpo/app/touchcrm/src/features/notifications/index.js","statementMap":{},"fnMap":{},"branchMap":{},"s":{},"f":{},"b":{}}
,"/opt/learnexpo/app/touchcrm/src/features/notifications/components/SimpleCustomerNotification.js": {"path":"/opt/learnexpo/app/touchcrm/src/features/notifications/components/SimpleCustomerNotification.js","statementMap":{"0":{"start":{"line":8,"column":0},"end":{"line":14,"column":3}},"1":{"start":{"line":9,"column":35},"end":{"line":13,"column":3}},"2":{"start":{"line":16,"column":33},"end":{"line":26,"column":1}},"3":{"start":{"line":17,"column":18},"end":{"line":17,"column":101}},"4":{"start":{"line":18,"column":2},"end":{"line":25,"column":4}},"5":{"start":{"line":28,"column":42},"end":{"line":59,"column":1}},"6":{"start":{"line":30,"column":2},"end":{"line":47,"column":3}},"7":{"start":{"line":31,"column":39},"end":{"line":31,"column":80}},"8":{"start":{"line":32,"column":22},"end":{"line":32,"column":36}},"9":{"start":{"line":34,"column":4},"end":{"line":37,"column":5}},"10":{"start":{"line":35,"column":25},"end":{"line":35,"column":70}},"11":{"start":{"line":36,"column":6},"end":{"line":36,"column":27}},"12":{"start":{"line":38,"column":4},"end":{"line":41,"column":5}},"13":{"start":{"line":39,"column":6},"end":{"line":39,"column":62}},"14":{"start":{"line":40,"column":6},"end":{"line":40,"column":18}},"15":{"start":{"line":43,"column":4},"end":{"line":43,"column":65}},"16":{"start":{"line":44,"column":4},"end":{"line":44,"column":51}},"17":{"start":{"line":46,"column":4},"end":{"line":46,"column":52}},"18":{"start":{"line":49,"column":2},"end":{"line":56,"column":3}},"19":{"start":{"line":50,"column":4},"end":{"line":55,"column":6}},"20":{"start":{"line":58,"column":2},"end":{"line":58,"column":15}},"21":{"start":{"line":61,"column":35},"end":{"line":86,"column":1}},"22":{"start":{"line":62,"column":31},"end":{"line":62,"column":43}},"23":{"start":{"line":63,"column":24},"end":{"line":63,"column":39}},"24":{"start":{"line":64,"column":25},"end":{"line":64,"column":33}},"25":{"start":{"line":65,"column":27},"end":{"line":65,"column":35}},"26":{"start":{"line":67,"column":2},"end":{"line":79,"column":9}},"27":{"start":{"line":68,"column":4},"end":{"line":68,"column":79}},"28":{"start":{"line":68,"column":54},"end":{"line":68,"column":77}},"29":{"start":{"line":70,"column":4},"end":{"line":72,"column":7}},"30":{"start":{"line":71,"column":6},"end":{"line":71,"column":29}},"31":{"start":{"line":73,"column":4},"end":{"line":73,"column":110}},"32":{"start":{"line":73,"column":92},"end":{"line":73,"column":108}},"33":{"start":{"line":75,"column":4},"end":{"line":78,"column":6}},"34":{"start":{"line":76,"column":6},"end":{"line":76,"column":75}},"35":{"start":{"line":77,"column":6},"end":{"line":77,"column":77}},"36":{"start":{"line":81,"column":2},"end":{"line":85,"column":4}},"37":{"start":{"line":83,"column":6},"end":{"line":83,"column":47}}},"fnMap":{"0":{"name":"(anonymous_0)","decl":{"start":{"line":9,"column":22},"end":{"line":9,"column":23}},"loc":{"start":{"line":9,"column":35},"end":{"line":13,"column":3}},"line":9},"1":{"name":"(anonymous_1)","decl":{"start":{"line":16,"column":33},"end":{"line":16,"column":34}},"loc":{"start":{"line":16,"column":53},"end":{"line":26,"column":1}},"line":16},"2":{"name":"(anonymous_2)","decl":{"start":{"line":28,"column":42},"end":{"line":28,"column":43}},"loc":{"start":{"line":28,"column":54},"end":{"line":59,"column":1}},"line":28},"3":{"name":"(anonymous_3)","decl":{"start":{"line":61,"column":35},"end":{"line":61,"column":36}},"loc":{"start":{"line":61,"column":53},"end":{"line":86,"column":1}},"line":61},"4":{"name":"(anonymous_4)","decl":{"start":{"line":67,"column":12},"end":{"line":67,"column":13}},"loc":{"start":{"line":67,"column":18},"end":{"line":79,"column":3}},"line":67},"5":{"name":"(anonymous_5)","decl":{"start":{"line":68,"column":45},"end":{"line":68,"column":46}},"loc":{"start":{"line":68,"column":54},"end":{"line":68,"column":77}},"line":68},"6":{"name":"(anonymous_6)","decl":{"start":{"line":70,"column":75},"end":{"line":70,"column":76}},"loc":{"start":{"line":70,"column":91},"end":{"line":72,"column":5}},"line":70},"7":{"name":"(anonymous_7)","decl":{"start":{"line":73,"column":85},"end":{"line":73,"column":86}},"loc":{"start":{"line":73,"column":92},"end":{"line":73,"column":108}},"line":73},"8":{"name":"(anonymous_8)","decl":{"start":{"line":75,"column":11},"end":{"line":75,"column":12}},"loc":{"start":{"line":75,"column":17},"end":{"line":78,"column":5}},"line":75},"9":{"name":"(anonymous_9)","decl":{"start":{"line":82,"column":62},"end":{"line":82,"column":63}},"loc":{"start":{"line":82,"column":74},"end":{"line":84,"column":5}},"line":82}},"branchMap":{"0":{"loc":{"start":{"line":30,"column":2},"end":{"line":47,"column":3}},"type":"if","locations":[{"start":{"line":30,"column":2},"end":{"line":47,"column":3}},{"start":{"line":45,"column":9},"end":{"line":47,"column":3}}],"line":30},"1":{"loc":{"start":{"line":34,"column":4},"end":{"line":37,"column":5}},"type":"if","locations":[{"start":{"line":34,"column":4},"end":{"line":37,"column":5}},{"start":{},"end":{}}],"line":34},"2":{"loc":{"start":{"line":38,"column":4},"end":{"line":41,"column":5}},"type":"if","locations":[{"start":{"line":38,"column":4},"end":{"line":41,"column":5}},{"start":{},"end":{}}],"line":38},"3":{"loc":{"start":{"line":49,"column":2},"end":{"line":56,"column":3}},"type":"if","locations":[{"start":{"line":49,"column":2},"end":{"line":56,"column":3}},{"start":{},"end":{}}],"line":49}},"s":{"0":2,"1":0,"2":2,"3":0,"4":0,"5":2,"6":0,"7":0,"8":0,"9":0,"10":0,"11":0,"12":0,"13":0,"14":0,"15":0,"16":0,"17":0,"18":0,"19":0,"20":0,"21":2,"22":0,"23":0,"24":0,"25":0,"26":0,"27":0,"28":0,"29":0,"30":0,"31":0,"32":0,"33":0,"34":0,"35":0,"36":0,"37":0},"f":{"0":0,"1":0,"2":0,"3":0,"4":0,"5":0,"6":0,"7":0,"8":0,"9":0},"b":{"0":[0,0],"1":[0,0],"2":[0,0],"3":[0,0]},"_coverageSchema":"1a1c01bbd47fc00a2c39e90264f33305004495a9","hash":"b624e2d91fba43d68742535bae6fa8b9432d869a"}
,"/opt/learnexpo/app/touchcrm/src/features/storage/index.js": {"path":"/opt/learnexpo/app/touchcrm/src/features/storage/index.js","statementMap":{"0":{"start":{"line":3,"column":20},"end":{"line":3,"column":39}},"1":{"start":{"line":5,"column":28},"end":{"line":11,"column":1}},"2":{"start":{"line":6,"column":2},"end":{"line":10,"column":3}},"3":{"start":{"line":7,"column":4},"end":{"line":7,"column":50}},"4":{"start":{"line":9,"column":4},"end":{"line":9,"column":90}},"5":{"start":{"line":13,"column":30},"end":{"line":20,"column":1}},"6":{"start":{"line":14,"column":2},"end":{"line":19,"column":3}},"7":{"start":{"line":15,"column":27},"end":{"line":15,"column":48}},"8":{"start":{"line":16,"column":4},"end":{"line":16,"column":60}},"9":{"start":{"line":18,"column":4},"end":{"line":18,"column":90}},"10":{"start":{"line":22,"column":31},"end":{"line":29,"column":1}},"11":{"start":{"line":23,"column":2},"end":{"line":28,"column":3}},"12":{"start":{"line":24,"column":18},"end":{"line":24,"column":57}},"13":{"start":{"line":25,"column":4},"end":{"line":25,"column":55}},"14":{"start":{"line":27,"column":4},"end":{"line":27,"column":89}},"15":{"start":{"line":31,"column":33},"end":{"line":48,"column":1}},"16":{"start":{"line":32,"column":15},"end":{"line":42,"column":3}},"17":{"start":{"line":43,"column":2},"end":{"line":47,"column":3}},"18":{"start":{"line":44,"column":4},"end":{"line":44,"column":38}},"19":{"start":{"line":46,"column":4},"end":{"line":46,"column":88}}},"fnMap":{"0":{"name":"(anonymous_0)","decl":{"start":{"line":5,"column":28},"end":{"line":5,"column":29}},"loc":{"start":{"line":5,"column":40},"end":{"line":11,"column":1}},"line":5},"1":{"name":"(anonymous_1)","decl":{"start":{"line":13,"column":30},"end":{"line":13,"column":31}},"loc":{"start":{"line":13,"column":47},"end":{"line":20,"column":1}},"line":13},"2":{"name":"(anonymous_2)","decl":{"start":{"line":22,"column":31},"end":{"line":22,"column":32}},"loc":{"start":{"line":22,"column":43},"end":{"line":29,"column":1}},"line":22},"3":{"name":"(anonymous_3)","decl":{"start":{"line":31,"column":33},"end":{"line":31,"column":34}},"loc":{"start":{"line":31,"column":45},"end":{"line":48,"column":1}},"line":31}},"branchMap":{"0":{"loc":{"start":{"line":25,"column":11},"end":{"line":25,"column":54}},"type":"cond-expr","locations":[{"start":{"line":25,"column":30},"end":{"line":25,"column":47}},{"start":{"line":25,"column":50},"end":{"line":25,"column":54}}],"line":25}},"s":{"0":3,"1":3,"2":0,"3":0,"4":0,"5":3,"6":1,"7":1,"8":1,"9":0,"10":3,"11":2,"12":2,"13":2,"14":0,"15":3,"16":1,"17":1,"18":1,"19":0},"f":{"0":0,"1":1,"2":2,"3":1},"b":{"0":[1,1]},"_coverageSchema":"1a1c01bbd47fc00a2c39e90264f33305004495a9","hash":"1b951a060b1f51593143b905b6064db93971313d"}
,"/opt/learnexpo/app/touchcrm/src/features/storage/components/SimpleStorageControl.js": {"path":"/opt/learnexpo/app/touchcrm/src/features/storage/components/SimpleStorageControl.js","statementMap":{"0":{"start":{"line":7,"column":29},"end":{"line":15,"column":1}},"1":{"start":{"line":8,"column":2},"end":{"line":14,"column":4}},"2":{"start":{"line":11,"column":6},"end":{"line":11,"column":26}},"3":{"start":{"line":12,"column":6},"end":{"line":12,"column":25}},"4":{"start":{"line":17,"column":24},"end":{"line":17,"column":63}},"5":{"start":{"line":17,"column":50},"end":{"line":17,"column":62}}},"fnMap":{"0":{"name":"(anonymous_0)","decl":{"start":{"line":7,"column":29},"end":{"line":7,"column":30}},"loc":{"start":{"line":7,"column":47},"end":{"line":15,"column":1}},"line":7},"1":{"name":"(anonymous_1)","decl":{"start":{"line":9,"column":42},"end":{"line":9,"column":43}},"loc":{"start":{"line":9,"column":54},"end":{"line":13,"column":5}},"line":9},"2":{"name":"(anonymous_2)","decl":{"start":{"line":17,"column":24},"end":{"line":17,"column":25}},"loc":{"start":{"line":17,"column":50},"end":{"line":17,"column":62}},"line":17}},"branchMap":{},"s":{"0":2,"1":3,"2":0,"3":0,"4":2,"5":3},"f":{"0":3,"1":0,"2":3},"b":{},"_coverageSchema":"1a1c01bbd47fc00a2c39e90264f33305004495a9","hash":"65656b761840e3d742f7e1dc562713cb6cb82817"}
,"/opt/learnexpo/app/touchcrm/src/features/welcome/index.js": {"path":"/opt/learnexpo/app/touchcrm/src/features/welcome/index.js","statementMap":{"0":{"start":{"line":5,"column":16},"end":{"line":19,"column":1}},"1":{"start":{"line":6,"column":15},"end":{"line":6,"column":62}},"2":{"start":{"line":7,"column":32},"end":{"line":7,"column":47}},"3":{"start":{"line":9,"column":2},"end":{"line":18,"column":4}},"4":{"start":{"line":15,"column":23},"end":{"line":15,"column":43}}},"fnMap":{"0":{"name":"(anonymous_0)","decl":{"start":{"line":5,"column":16},"end":{"line":5,"column":17}},"loc":{"start":{"line":5,"column":22},"end":{"line":19,"column":1}},"line":5},"1":{"name":"(anonymous_1)","decl":{"start":{"line":15,"column":17},"end":{"line":15,"column":18}},"loc":{"start":{"line":15,"column":23},"end":{"line":15,"column":43}},"line":15}},"branchMap":{"0":{"loc":{"start":{"line":12,"column":7},"end":{"line":12,"column":21}},"type":"binary-expr","locations":[{"start":{"line":12,"column":7},"end":{"line":12,"column":14}},{"start":{"line":12,"column":18},"end":{"line":12,"column":21}}],"line":12}},"s":{"0":1,"1":4,"2":4,"3":4,"4":2},"f":{"0":4,"1":2},"b":{"0":[4,1]},"_coverageSchema":"1a1c01bbd47fc00a2c39e90264f33305004495a9","hash":"4e6541be9cf77a8533c2ec655ed3d3ec29a437e4"}
,"/opt/learnexpo/app/touchcrm/src/navigation/index.js": {"path":"/opt/learnexpo/app/touchcrm/src/navigation/index.js","statementMap":{"0":{"start":{"line":8,"column":22},"end":{"line":14,"column":1}},"1":{"start":{"line":9,"column":2},"end":{"line":13,"column":4}},"2":{"start":{"line":16,"column":24},"end":{"line":16,"column":48}},"3":{"start":{"line":16,"column":39},"end":{"line":16,"column":47}}},"fnMap":{"0":{"name":"(anonymous_0)","decl":{"start":{"line":8,"column":22},"end":{"line":8,"column":23}},"loc":{"start":{"line":8,"column":36},"end":{"line":14,"column":1}},"line":8},"1":{"name":"(anonymous_1)","decl":{"start":{"line":16,"column":24},"end":{"line":16,"column":25}},"loc":{"start":{"line":16,"column":39},"end":{"line":16,"column":47}},"line":16}},"branchMap":{"0":{"loc":{"start":{"line":11,"column":8},"end":{"line":11,"column":79}},"type":"cond-expr","locations":[{"start":{"line":11,"column":40},"end":{"line":11,"column":58}},{"start":{"line":11,"column":61},"end":{"line":11,"column":79}}],"line":11},"1":{"loc":{"start":{"line":11,"column":9},"end":{"line":11,"column":36}},"type":"binary-expr","locations":[{"start":{"line":11,"column":9},"end":{"line":11,"column":13}},{"start":{"line":11,"column":17},"end":{"line":11,"column":36}}],"line":11}},"s":{"0":2,"1":4,"2":2,"3":4},"f":{"0":4,"1":4},"b":{"0":[3,1],"1":[4,4]},"_coverageSchema":"1a1c01bbd47fc00a2c39e90264f33305004495a9","hash":"81b035ab674734b7969c6ecc7964739ab9863080"}
,"/opt/learnexpo/app/touchcrm/src/navigation/anon/index.js": {"path":"/opt/learnexpo/app/touchcrm/src/navigation/anon/index.js","statementMap":{"0":{"start":{"line":4,"column":14},"end":{"line":4,"column":36}},"1":{"start":{"line":7,"column":23},"end":{"line":16,"column":1}},"2":{"start":{"line":8,"column":22},"end":{"line":8,"column":34}},"3":{"start":{"line":9,"column":2},"end":{"line":15,"column":4}},"4":{"start":{"line":12,"column":8},"end":{"line":12,"column":55}}},"fnMap":{"0":{"name":"(anonymous_0)","decl":{"start":{"line":7,"column":23},"end":{"line":7,"column":24}},"loc":{"start":{"line":7,"column":29},"end":{"line":16,"column":1}},"line":7},"1":{"name":"(anonymous_1)","decl":{"start":{"line":11,"column":39},"end":{"line":11,"column":40}},"loc":{"start":{"line":12,"column":8},"end":{"line":12,"column":55}},"line":12}},"branchMap":{},"s":{"0":2,"1":2,"2":3,"3":3,"4":9},"f":{"0":3,"1":9},"b":{},"_coverageSchema":"1a1c01bbd47fc00a2c39e90264f33305004495a9","hash":"488c4746c5a6ba63e47b2b1439ec895a296ef466"}
,"/opt/learnexpo/app/touchcrm/src/navigation/auth/index.js": {"path":"/opt/learnexpo/app/touchcrm/src/navigation/auth/index.js","statementMap":{"0":{"start":{"line":4,"column":14},"end":{"line":4,"column":36}},"1":{"start":{"line":7,"column":23},"end":{"line":16,"column":1}},"2":{"start":{"line":8,"column":24},"end":{"line":8,"column":36}},"3":{"start":{"line":9,"column":2},"end":{"line":15,"column":4}},"4":{"start":{"line":12,"column":8},"end":{"line":12,"column":55}}},"fnMap":{"0":{"name":"(anonymous_0)","decl":{"start":{"line":7,"column":23},"end":{"line":7,"column":24}},"loc":{"start":{"line":7,"column":29},"end":{"line":16,"column":1}},"line":7},"1":{"name":"(anonymous_1)","decl":{"start":{"line":11,"column":41},"end":{"line":11,"column":42}},"loc":{"start":{"line":12,"column":8},"end":{"line":12,"column":55}},"line":12}},"branchMap":{},"s":{"0":2,"1":2,"2":1,"3":1,"4":4},"f":{"0":1,"1":4},"b":{},"_coverageSchema":"1a1c01bbd47fc00a2c39e90264f33305004495a9","hash":"877a091a4f59e6b242ed7a93532bfd83094c69b9"}
,"/opt/learnexpo/app/touchcrm/src/screens/Welcome.js": {"path":"/opt/learnexpo/app/touchcrm/src/screens/Welcome.js","statementMap":{"0":{"start":{"line":2,"column":16},"end":{"line":4,"column":1}},"1":{"start":{"line":3,"column":2},"end":{"line":3,"column":14}}},"fnMap":{"0":{"name":"(anonymous_0)","decl":{"start":{"line":2,"column":16},"end":{"line":2,"column":17}},"loc":{"start":{"line":2,"column":22},"end":{"line":4,"column":1}},"line":2}},"branchMap":{},"s":{"0":0,"1":0},"f":{"0":0},"b":{}}
,"/opt/learnexpo/app/touchcrm/src/screens/index.js": {"path":"/opt/learnexpo/app/touchcrm/src/screens/index.js","statementMap":{},"fnMap":{},"branchMap":{},"s":{},"f":{},"b":{},"_coverageSchema":"1a1c01bbd47fc00a2c39e90264f33305004495a9","hash":"519258addd5860c1abf4c8a5ae82497c42481ab7"}
,"/opt/learnexpo/app/touchcrm/src/screens/customer/Add/index.js": {"path":"/opt/learnexpo/app/touchcrm/src/screens/customer/Add/index.js","statementMap":{"0":{"start":{"line":13,"column":20},"end":{"line":36,"column":1}},"1":{"start":{"line":14,"column":19},"end":{"line":27,"column":3}},"2":{"start":{"line":15,"column":4},"end":{"line":25,"column":5}},"3":{"start":{"line":16,"column":6},"end":{"line":16,"column":29}},"4":{"start":{"line":18,"column":23},"end":{"line":23,"column":8}},"5":{"start":{"line":24,"column":6},"end":{"line":24,"column":30}},"6":{"start":{"line":26,"column":4},"end":{"line":26,"column":37}},"7":{"start":{"line":28,"column":2},"end":{"line":35,"column":4}},"8":{"start":{"line":38,"column":24},"end":{"line":38,"column":101}},"9":{"start":{"line":38,"column":69},"end":{"line":38,"column":100}}},"fnMap":{"0":{"name":"(anonymous_0)","decl":{"start":{"line":13,"column":20},"end":{"line":13,"column":21}},"loc":{"start":{"line":13,"column":57},"end":{"line":36,"column":1}},"line":13},"1":{"name":"(anonymous_1)","decl":{"start":{"line":14,"column":19},"end":{"line":14,"column":20}},"loc":{"start":{"line":14,"column":29},"end":{"line":27,"column":3}},"line":14},"2":{"name":"(anonymous_2)","decl":{"start":{"line":38,"column":24},"end":{"line":38,"column":25}},"loc":{"start":{"line":38,"column":69},"end":{"line":38,"column":100}},"line":38}},"branchMap":{"0":{"loc":{"start":{"line":15,"column":4},"end":{"line":25,"column":5}},"type":"if","locations":[{"start":{"line":15,"column":4},"end":{"line":25,"column":5}},{"start":{"line":17,"column":11},"end":{"line":25,"column":5}}],"line":15},"1":{"loc":{"start":{"line":31,"column":20},"end":{"line":31,"column":39}},"type":"binary-expr","locations":[{"start":{"line":31,"column":20},"end":{"line":31,"column":25}},{"start":{"line":31,"column":29},"end":{"line":31,"column":39}}],"line":31}},"s":{"0":2,"1":0,"2":0,"3":0,"4":0,"5":0,"6":0,"7":0,"8":2,"9":0},"f":{"0":0,"1":0,"2":0},"b":{"0":[0,0],"1":[0,0]},"_coverageSchema":"1a1c01bbd47fc00a2c39e90264f33305004495a9","hash":"a3d726bb277c7d9723777e33d2498fccc5b2261f"}
,"/opt/learnexpo/app/touchcrm/src/screens/customer/Edit/index.js": {"path":"/opt/learnexpo/app/touchcrm/src/screens/customer/Edit/index.js","statementMap":{},"fnMap":{},"branchMap":{},"s":{},"f":{},"b":{}}
,"/opt/learnexpo/app/touchcrm/src/screens/customer/ViewAll/index.js": {"path":"/opt/learnexpo/app/touchcrm/src/screens/customer/ViewAll/index.js","statementMap":{"0":{"start":{"line":12,"column":25},"end":{"line":27,"column":1}},"1":{"start":{"line":13,"column":2},"end":{"line":15,"column":9}},"2":{"start":{"line":14,"column":4},"end":{"line":14,"column":63}},"3":{"start":{"line":16,"column":21},"end":{"line":16,"column":30}},"4":{"start":{"line":17,"column":2},"end":{"line":26,"column":4}},"5":{"start":{"line":21,"column":49},"end":{"line":21,"column":79}},"6":{"start":{"line":22,"column":79},"end":{"line":22,"column":113}},"7":{"start":{"line":23,"column":43},"end":{"line":23,"column":51}},"8":{"start":{"line":29,"column":24},"end":{"line":29,"column":101}},"9":{"start":{"line":29,"column":69},"end":{"line":29,"column":100}}},"fnMap":{"0":{"name":"(anonymous_0)","decl":{"start":{"line":12,"column":25},"end":{"line":12,"column":26}},"loc":{"start":{"line":12,"column":62},"end":{"line":27,"column":1}},"line":12},"1":{"name":"(anonymous_1)","decl":{"start":{"line":13,"column":12},"end":{"line":13,"column":13}},"loc":{"start":{"line":13,"column":18},"end":{"line":15,"column":3}},"line":13},"2":{"name":"(anonymous_2)","decl":{"start":{"line":21,"column":43},"end":{"line":21,"column":44}},"loc":{"start":{"line":21,"column":49},"end":{"line":21,"column":79}},"line":21},"3":{"name":"(anonymous_3)","decl":{"start":{"line":22,"column":73},"end":{"line":22,"column":74}},"loc":{"start":{"line":22,"column":79},"end":{"line":22,"column":113}},"line":22},"4":{"name":"(anonymous_4)","decl":{"start":{"line":23,"column":37},"end":{"line":23,"column":38}},"loc":{"start":{"line":23,"column":43},"end":{"line":23,"column":51}},"line":23},"5":{"name":"(anonymous_5)","decl":{"start":{"line":29,"column":24},"end":{"line":29,"column":25}},"loc":{"start":{"line":29,"column":69},"end":{"line":29,"column":100}},"line":29}},"branchMap":{"0":{"loc":{"start":{"line":19,"column":20},"end":{"line":19,"column":39}},"type":"binary-expr","locations":[{"start":{"line":19,"column":20},"end":{"line":19,"column":25}},{"start":{"line":19,"column":29},"end":{"line":19,"column":39}}],"line":19}},"s":{"0":2,"1":1,"2":1,"3":1,"4":1,"5":0,"6":0,"7":0,"8":2,"9":1},"f":{"0":1,"1":1,"2":0,"3":0,"4":0,"5":1},"b":{"0":[1,1]},"_coverageSchema":"1a1c01bbd47fc00a2c39e90264f33305004495a9","hash":"bcfbd955b41175cc6d363907db243dd54b222abc"}
,"/opt/learnexpo/app/touchcrm/src/screens/customer/ViewOne/index.js": {"path":"/opt/learnexpo/app/touchcrm/src/screens/customer/ViewOne/index.js","statementMap":{"0":{"start":{"line":8,"column":24},"end":{"line":15,"column":1}},"1":{"start":{"line":9,"column":2},"end":{"line":14,"column":3}},"2":{"start":{"line":18,"column":24},"end":{"line":21,"column":1}},"3":{"start":{"line":19,"column":19},"end":{"line":19,"column":100}},"4":{"start":{"line":19,"column":65},"end":{"line":19,"column":96}},"5":{"start":{"line":20,"column":2},"end":{"line":20,"column":41}}},"fnMap":{"0":{"name":"(anonymous_0)","decl":{"start":{"line":8,"column":24},"end":{"line":8,"column":25}},"loc":{"start":{"line":8,"column":61},"end":{"line":15,"column":1}},"line":8},"1":{"name":"(anonymous_1)","decl":{"start":{"line":18,"column":24},"end":{"line":18,"column":25}},"loc":{"start":{"line":18,"column":66},"end":{"line":21,"column":1}},"line":18},"2":{"name":"(anonymous_2)","decl":{"start":{"line":19,"column":51},"end":{"line":19,"column":52}},"loc":{"start":{"line":19,"column":65},"end":{"line":19,"column":96}},"line":19}},"branchMap":{},"s":{"0":2,"1":0,"2":2,"3":0,"4":0,"5":0},"f":{"0":0,"1":0,"2":0},"b":{},"_coverageSchema":"1a1c01bbd47fc00a2c39e90264f33305004495a9","hash":"0957f35fe2334afec1f38693e36a7ccf6f602d96"}
,"/opt/learnexpo/app/touchcrm/src/screens/home/index.js": {"path":"/opt/learnexpo/app/touchcrm/src/screens/home/index.js","statementMap":{"0":{"start":{"line":8,"column":13},"end":{"line":20,"column":1}},"1":{"start":{"line":9,"column":2},"end":{"line":19,"column":4}},"2":{"start":{"line":16,"column":51},"end":{"line":16,"column":79}}},"fnMap":{"0":{"name":"(anonymous_0)","decl":{"start":{"line":8,"column":13},"end":{"line":8,"column":14}},"loc":{"start":{"line":8,"column":40},"end":{"line":20,"column":1}},"line":8},"1":{"name":"(anonymous_1)","decl":{"start":{"line":16,"column":45},"end":{"line":16,"column":46}},"loc":{"start":{"line":16,"column":51},"end":{"line":16,"column":79}},"line":16}},"branchMap":{"0":{"loc":{"start":{"line":14,"column":20},"end":{"line":14,"column":39}},"type":"binary-expr","locations":[{"start":{"line":14,"column":20},"end":{"line":14,"column":25}},{"start":{"line":14,"column":29},"end":{"line":14,"column":39}}],"line":14}},"s":{"0":2,"1":3,"2":0},"f":{"0":3,"1":0},"b":{"0":[3,3]},"_coverageSchema":"1a1c01bbd47fc00a2c39e90264f33305004495a9","hash":"23193c16efbb0c485a5abc2b98b7da0c979af2d1"}
,"/opt/learnexpo/app/touchcrm/src/screens/login/index.js": {"path":"/opt/learnexpo/app/touchcrm/src/screens/login/index.js","statementMap":{"0":{"start":{"line":10,"column":14},"end":{"line":24,"column":1}},"1":{"start":{"line":11,"column":20},"end":{"line":11,"column":29}},"2":{"start":{"line":13,"column":2},"end":{"line":23,"column":3}},"3":{"start":{"line":19,"column":42},"end":{"line":19,"column":62}},"4":{"start":{"line":20,"column":48},"end":{"line":20,"column":78}},"5":{"start":{"line":26,"column":24},"end":{"line":26,"column":81}},"6":{"start":{"line":26,"column":59},"end":{"line":26,"column":80}}},"fnMap":{"0":{"name":"(anonymous_0)","decl":{"start":{"line":10,"column":14},"end":{"line":10,"column":15}},"loc":{"start":{"line":10,"column":41},"end":{"line":24,"column":1}},"line":10},"1":{"name":"(anonymous_1)","decl":{"start":{"line":19,"column":36},"end":{"line":19,"column":37}},"loc":{"start":{"line":19,"column":42},"end":{"line":19,"column":62}},"line":19},"2":{"name":"(anonymous_2)","decl":{"start":{"line":20,"column":42},"end":{"line":20,"column":43}},"loc":{"start":{"line":20,"column":48},"end":{"line":20,"column":78}},"line":20},"3":{"name":"(anonymous_3)","decl":{"start":{"line":26,"column":24},"end":{"line":26,"column":25}},"loc":{"start":{"line":26,"column":59},"end":{"line":26,"column":80}},"line":26}},"branchMap":{"0":{"loc":{"start":{"line":18,"column":20},"end":{"line":18,"column":39}},"type":"binary-expr","locations":[{"start":{"line":18,"column":20},"end":{"line":18,"column":25}},{"start":{"line":18,"column":29},"end":{"line":18,"column":39}}],"line":18}},"s":{"0":2,"1":0,"2":0,"3":0,"4":0,"5":2,"6":0},"f":{"0":0,"1":0,"2":0,"3":0},"b":{"0":[0,0]},"_coverageSchema":"1a1c01bbd47fc00a2c39e90264f33305004495a9","hash":"c25531281c4cf260975dbbaa44dd948efaee243c"}
,"/opt/learnexpo/app/touchcrm/src/screens/region/Add/index.js": {"path":"/opt/learnexpo/app/touchcrm/src/screens/region/Add/index.js","statementMap":{},"fnMap":{},"branchMap":{},"s":{},"f":{},"b":{}}
,"/opt/learnexpo/app/touchcrm/src/screens/region/ViewAll/index.js": {"path":"/opt/learnexpo/app/touchcrm/src/screens/region/ViewAll/index.js","statementMap":{"0":{"start":{"line":7,"column":23},"end":{"line":26,"column":1}},"1":{"start":{"line":8,"column":2},"end":{"line":25,"column":4}},"2":{"start":{"line":16,"column":10},"end":{"line":16,"column":109}},"3":{"start":{"line":18,"column":32},"end":{"line":18,"column":39}}},"fnMap":{"0":{"name":"(anonymous_0)","decl":{"start":{"line":7,"column":23},"end":{"line":7,"column":24}},"loc":{"start":{"line":7,"column":38},"end":{"line":26,"column":1}},"line":7},"1":{"name":"(anonymous_1)","decl":{"start":{"line":15,"column":20},"end":{"line":15,"column":21}},"loc":{"start":{"line":16,"column":10},"end":{"line":16,"column":109}},"line":16},"2":{"name":"(anonymous_2)","decl":{"start":{"line":18,"column":22},"end":{"line":18,"column":23}},"loc":{"start":{"line":18,"column":32},"end":{"line":18,"column":39}},"line":18}},"branchMap":{"0":{"loc":{"start":{"line":10,"column":20},"end":{"line":10,"column":39}},"type":"binary-expr","locations":[{"start":{"line":10,"column":20},"end":{"line":10,"column":25}},{"start":{"line":10,"column":29},"end":{"line":10,"column":39}}],"line":10}},"s":{"0":2,"1":0,"2":0,"3":0},"f":{"0":0,"1":0,"2":0},"b":{"0":[0,0]},"_coverageSchema":"1a1c01bbd47fc00a2c39e90264f33305004495a9","hash":"cee3c8e744392da5abfab8151a4c0045312c3748"}
,"/opt/learnexpo/app/touchcrm/src/screens/support/index.js": {"path":"/opt/learnexpo/app/touchcrm/src/screens/support/index.js","statementMap":{"0":{"start":{"line":8,"column":16},"end":{"line":20,"column":1}},"1":{"start":{"line":9,"column":2},"end":{"line":19,"column":4}},"2":{"start":{"line":15,"column":49},"end":{"line":15,"column":76}},"3":{"start":{"line":16,"column":48},"end":{"line":16,"column":76}}},"fnMap":{"0":{"name":"(anonymous_0)","decl":{"start":{"line":8,"column":16},"end":{"line":8,"column":17}},"loc":{"start":{"line":8,"column":43},"end":{"line":20,"column":1}},"line":8},"1":{"name":"(anonymous_1)","decl":{"start":{"line":15,"column":43},"end":{"line":15,"column":44}},"loc":{"start":{"line":15,"column":49},"end":{"line":15,"column":76}},"line":15},"2":{"name":"(anonymous_2)","decl":{"start":{"line":16,"column":42},"end":{"line":16,"column":43}},"loc":{"start":{"line":16,"column":48},"end":{"line":16,"column":76}},"line":16}},"branchMap":{"0":{"loc":{"start":{"line":14,"column":20},"end":{"line":14,"column":39}},"type":"binary-expr","locations":[{"start":{"line":14,"column":20},"end":{"line":14,"column":25}},{"start":{"line":14,"column":29},"end":{"line":14,"column":39}}],"line":14}},"s":{"0":2,"1":0,"2":0,"3":0},"f":{"0":0,"1":0,"2":0},"b":{"0":[0,0]},"_coverageSchema":"1a1c01bbd47fc00a2c39e90264f33305004495a9","hash":"fab66b5fceab3f51cf5f3be12a17a3a8206eff68"}
,"/opt/learnexpo/app/touchcrm/src/store/index.js": {"path":"/opt/learnexpo/app/touchcrm/src/store/index.js","statementMap":{"0":{"start":{"line":8,"column":22},"end":{"line":15,"column":1}},"1":{"start":{"line":8,"column":33},"end":{"line":15,"column":1}},"2":{"start":{"line":8,"column":43},"end":{"line":15,"column":1}},"3":{"start":{"line":9,"column":2},"end":{"line":9,"column":29}},"4":{"start":{"line":10,"column":2},"end":{"line":10,"column":38}},"5":{"start":{"line":11,"column":17},"end":{"line":11,"column":29}},"6":{"start":{"line":12,"column":2},"end":{"line":12,"column":51}},"7":{"start":{"line":13,"column":2},"end":{"line":13,"column":21}},"8":{"start":{"line":14,"column":2},"end":{"line":14,"column":16}},"9":{"start":{"line":17,"column":26},"end":{"line":21,"column":1}},"10":{"start":{"line":18,"column":2},"end":{"line":20,"column":5}},"11":{"start":{"line":19,"column":4},"end":{"line":19,"column":17}},"12":{"start":{"line":24,"column":24},"end":{"line":33,"column":1}},"13":{"start":{"line":25,"column":25},"end":{"line":25,"column":47}},"14":{"start":{"line":26,"column":16},"end":{"line":29,"column":3}},"15":{"start":{"line":30,"column":2},"end":{"line":30,"column":31}},"16":{"start":{"line":32,"column":2},"end":{"line":32,"column":15}}},"fnMap":{"0":{"name":"(anonymous_0)","decl":{"start":{"line":8,"column":22},"end":{"line":8,"column":23}},"loc":{"start":{"line":8,"column":33},"end":{"line":15,"column":1}},"line":8},"1":{"name":"(anonymous_1)","decl":{"start":{"line":8,"column":33},"end":{"line":8,"column":34}},"loc":{"start":{"line":8,"column":43},"end":{"line":15,"column":1}},"line":8},"2":{"name":"(anonymous_2)","decl":{"start":{"line":8,"column":43},"end":{"line":8,"column":44}},"loc":{"start":{"line":8,"column":55},"end":{"line":15,"column":1}},"line":8},"3":{"name":"(anonymous_3)","decl":{"start":{"line":17,"column":26},"end":{"line":17,"column":27}},"loc":{"start":{"line":17,"column":44},"end":{"line":21,"column":1}},"line":17},"4":{"name":"(anonymous_4)","decl":{"start":{"line":18,"column":37},"end":{"line":18,"column":38}},"loc":{"start":{"line":18,"column":48},"end":{"line":20,"column":3}},"line":18},"5":{"name":"(anonymous_5)","decl":{"start":{"line":24,"column":24},"end":{"line":24,"column":25}},"loc":{"start":{"line":24,"column":40},"end":{"line":33,"column":1}},"line":24}},"branchMap":{"0":{"loc":{"start":{"line":24,"column":25},"end":{"line":24,"column":35}},"type":"default-arg","locations":[{"start":{"line":24,"column":33},"end":{"line":24,"column":35}}],"line":24},"1":{"loc":{"start":{"line":27,"column":4},"end":{"line":27,"column":74}},"type":"cond-expr","locations":[{"start":{"line":27,"column":23},"end":{"line":27,"column":47}},{"start":{"line":27,"column":50},"end":{"line":27,"column":74}}],"line":27}},"s":{"0":3,"1":5,"2":5,"3":2,"4":2,"5":2,"6":2,"7":2,"8":2,"9":3,"10":1,"11":1,"12":3,"13":5,"14":5,"15":5,"16":5},"f":{"0":5,"1":5,"2":2,"3":1,"4":1,"5":5},"b":{"0":[4],"1":[4,1]},"_coverageSchema":"1a1c01bbd47fc00a2c39e90264f33305004495a9","hash":"2f918ccc31fb8d16b892c581c689b6c98d6a26d3"}
,"/opt/learnexpo/app/touchcrm/src/store/reducer.js": {"path":"/opt/learnexpo/app/touchcrm/src/store/reducer.js","statementMap":{},"fnMap":{},"branchMap":{},"s":{},"f":{},"b":{},"_coverageSchema":"1a1c01bbd47fc00a2c39e90264f33305004495a9","hash":"deeb169dbe2f712ef3d2850ec1d2b3b3dd3cd92c"}
,"/opt/learnexpo/app/touchcrm/src/store/sagas.js": {"path":"/opt/learnexpo/app/touchcrm/src/store/sagas.js","statementMap":{"0":{"start":{"line":7,"column":2},"end":{"line":12,"column":5}}},"fnMap":{"0":{"name":"rootSaga","decl":{"start":{"line":6,"column":25},"end":{"line":6,"column":33}},"loc":{"start":{"line":6,"column":36},"end":{"line":13,"column":1}},"line":6}},"branchMap":{},"s":{"0":5},"f":{"0":5},"b":{},"_coverageSchema":"1a1c01bbd47fc00a2c39e90264f33305004495a9","hash":"ca3137adcca0f208f30983ba0c323c073eff7c65"}
,"/opt/learnexpo/app/touchcrm/src/utils/_DATA.js": {"path":"/opt/learnexpo/app/touchcrm/src/utils/_DATA.js","statementMap":{"0":{"start":{"line":2,"column":28},"end":{"line":11,"column":1}},"1":{"start":{"line":13,"column":34},"end":{"line":18,"column":1}},"2":{"start":{"line":14,"column":20},"end":{"line":14,"column":40}},"3":{"start":{"line":15,"column":14},"end":{"line":15,"column":26}},"4":{"start":{"line":16,"column":14},"end":{"line":16,"column":84}},"5":{"start":{"line":17,"column":2},"end":{"line":17,"column":75}},"6":{"start":{"line":20,"column":36},"end":{"line":22,"column":1}},"7":{"start":{"line":21,"column":2},"end":{"line":21,"column":49}}},"fnMap":{"0":{"name":"(anonymous_0)","decl":{"start":{"line":13,"column":34},"end":{"line":13,"column":35}},"loc":{"start":{"line":13,"column":52},"end":{"line":18,"column":1}},"line":13},"1":{"name":"(anonymous_1)","decl":{"start":{"line":20,"column":36},"end":{"line":20,"column":37}},"loc":{"start":{"line":20,"column":42},"end":{"line":22,"column":1}},"line":20}},"branchMap":{"0":{"loc":{"start":{"line":13,"column":35},"end":{"line":13,"column":47}},"type":"default-arg","locations":[{"start":{"line":13,"column":45},"end":{"line":13,"column":47}}],"line":13}},"s":{"0":2,"1":2,"2":0,"3":0,"4":0,"5":0,"6":2,"7":0},"f":{"0":0,"1":0},"b":{"0":[0]},"_coverageSchema":"1a1c01bbd47fc00a2c39e90264f33305004495a9","hash":"ffa1e85ae9577467afdf1350411318d022471ce0"}
}
