TN:
SF:App.js
FN:9,App
FNF:1
FNH:1
FNDA:2,App
DA:7,1
DA:10,2
LF:2
LH:2
BRF:0
BRH:0
end_of_record
TN:
SF:src/components/button/index.js
FN:4,(anonymous_0)
FN:4,(anonymous_1)
FNF:2
FNH:1
FNDA:8,(anonymous_0)
FNDA:0,(anonymous_1)
DA:4,3
DA:5,8
LF:2
LH:2
BRDA:4,0,0,1
BRDA:4,1,0,1
BRF:2
BRH:2
end_of_record
TN:
SF:src/components/styles/index.js
FNF:0
FNH:0
DA:3,4
LF:1
LH:1
BRF:0
BRH:0
end_of_record
TN:
SF:src/features/auth/hooks.js
FN:5,(anonymous_0)
FN:10,(anonymous_1)
FN:14,(anonymous_2)
FN:15,(anonymous_3)
FN:20,(anonymous_4)
FN:21,(anonymous_5)
FNF:6
FNH:1
FNDA:1,(anonymous_0)
FNDA:0,(anonymous_1)
FNDA:0,(anonymous_2)
FNDA:0,(anonymous_3)
FNDA:0,(anonymous_4)
FNDA:0,(anonymous_5)
DA:5,2
DA:6,1
DA:7,1
DA:9,1
DA:11,0
DA:12,0
DA:15,0
DA:16,0
DA:17,0
DA:21,0
DA:22,0
DA:23,0
LF:12
LH:4
BRF:0
BRH:0
end_of_record
TN:
SF:src/features/auth/index.js
FN:7,(anonymous_0)
FNF:1
FNH:0
FNDA:0,(anonymous_0)
DA:3,3
DA:8,0
DA:13,3
LF:3
LH:2
BRF:0
BRH:0
end_of_record
TN:
SF:src/features/auth/sagas.js
FN:3,watchAuthentications
FN:7,authResponse
FNF:2
FNH:1
FNDA:5,watchAuthentications
FNDA:0,authResponse
DA:4,5
DA:8,0
LF:2
LH:1
BRF:0
BRH:0
end_of_record
TN:
SF:src/features/customer/index.js
FNF:0
FNH:0
LF:0
LH:0
BRF:0
BRH:0
end_of_record
TN:
SF:src/features/customer/sagas.js
FN:3,watchCreateCustomer
FN:7,watchUpdateCustomer
FN:17,outWithOldInWithNew
FN:29,clearExistingCustomerRecordMatching
FN:33,replaceCustomerRecordWith
FN:37,addCustomerToStorage
FNF:6
FNH:2
FNDA:5,watchCreateCustomer
FNDA:5,watchUpdateCustomer
FNDA:0,outWithOldInWithNew
FNDA:0,clearExistingCustomerRecordMatching
FNDA:0,replaceCustomerRecordWith
FNDA:0,addCustomerToStorage
DA:4,5
DA:8,5
DA:20,0
DA:21,0
DA:30,0
DA:34,0
DA:38,0
LF:7
LH:2
BRF:0
BRH:0
end_of_record
TN:
SF:src/features/customer/components/CustomerForm.js
FN:19,(anonymous_0)
FN:20,(anonymous_1)
FN:33,(anonymous_2)
FN:36,(anonymous_3)
FN:43,(anonymous_4)
FN:49,(anonymous_5)
FN:55,(anonymous_6)
FN:68,(anonymous_7)
FN:155,(anonymous_8)
FN:159,(anonymous_9)
FN:161,(anonymous_10)
FN:163,(anonymous_11)
FN:172,(anonymous_12)
FN:194,(anonymous_13)
FNF:14
FNH:12
FNDA:6,(anonymous_0)
FNDA:12,(anonymous_1)
FNDA:12,(anonymous_2)
FNDA:12,(anonymous_3)
FNDA:12,(anonymous_4)
FNDA:12,(anonymous_5)
FNDA:18,(anonymous_6)
FNDA:0,(anonymous_7)
FNDA:6,(anonymous_8)
FNDA:6,(anonymous_9)
FNDA:6,(anonymous_10)
FNDA:0,(anonymous_11)
FNDA:1,(anonymous_12)
FNDA:2,(anonymous_13)
DA:8,3
DA:19,3
DA:20,6
DA:21,12
DA:33,6
DA:34,12
DA:36,6
DA:37,12
DA:40,6
DA:43,3
DA:44,12
DA:49,3
DA:50,12
DA:56,18
DA:68,3
DA:69,0
DA:70,0
DA:155,3
DA:156,6
DA:158,6
DA:159,6
DA:161,6
DA:162,6
DA:164,0
DA:172,6
DA:173,1
DA:174,1
DA:177,6
DA:194,3
DA:195,2
LF:30
LH:27
BRDA:30,0,0,12
BRDA:30,0,1,12
BRDA:44,1,0,12
BRDA:44,1,1,12
BRDA:44,1,2,2
BRDA:49,2,0,0
BRDA:56,3,0,18
BRDA:56,3,1,18
BRDA:155,4,0,0
BRDA:159,5,0,6
BRDA:159,5,1,6
BRDA:162,6,0,0
BRDA:162,6,1,6
BRF:13
BRH:10
end_of_record
TN:
SF:src/features/customer/components/CustomerList.js
FN:11,(anonymous_0)
FN:12,(anonymous_1)
FN:14,(anonymous_2)
FN:18,(anonymous_3)
FN:19,(anonymous_4)
FN:25,(anonymous_5)
FN:36,(anonymous_6)
FNF:7
FNH:3
FNDA:1,(anonymous_0)
FNDA:8,(anonymous_1)
FNDA:0,(anonymous_2)
FNDA:0,(anonymous_3)
FNDA:0,(anonymous_4)
FNDA:0,(anonymous_5)
FNDA:1,(anonymous_6)
DA:11,2
DA:12,1
DA:13,8
DA:14,8
DA:15,8
DA:18,1
DA:19,1
DA:20,1
DA:25,0
DA:32,2
DA:36,2
LF:11
LH:10
BRDA:15,0,0,0
BRDA:15,0,1,8
BRF:2
BRH:1
end_of_record
TN:
SF:src/features/customer/components/CustomerListEntry.js
FN:6,(anonymous_0)
FNF:1
FNH:0
FNDA:0,(anonymous_0)
DA:6,2
DA:7,0
LF:2
LH:1
BRF:0
BRH:0
end_of_record
TN:
SF:src/features/customer/components/CustomerProfile.js
FN:9,(anonymous_0)
FN:17,(anonymous_1)
FN:28,(anonymous_2)
FNF:3
FNH:0
FNDA:0,(anonymous_0)
FNDA:0,(anonymous_1)
FNDA:0,(anonymous_2)
DA:9,2
DA:10,0
DA:17,2
DA:18,0
DA:19,0
DA:28,0
DA:33,2
LF:7
LH:3
BRF:0
BRH:0
end_of_record
TN:
SF:src/features/customer/components/customerSlice.js
FN:18,(anonymous_0)
FN:24,(anonymous_1)
FN:25,(anonymous_2)
FN:28,(anonymous_3)
FN:29,(anonymous_4)
FNF:5
FNH:0
FNDA:0,(anonymous_0)
FNDA:0,(anonymous_1)
FNDA:0,(anonymous_2)
FNDA:0,(anonymous_3)
FNDA:0,(anonymous_4)
DA:3,3
DA:19,0
DA:25,0
DA:26,0
DA:29,0
DA:30,0
DA:38,3
LF:7
LH:2
BRF:0
BRH:0
end_of_record
TN:
SF:src/features/welcome/index.js
FN:5,(anonymous_0)
FN:15,(anonymous_1)
FNF:2
FNH:2
FNDA:4,(anonymous_0)
FNDA:2,(anonymous_1)
DA:5,1
DA:6,4
DA:7,4
DA:9,4
DA:15,2
LF:5
LH:5
BRDA:12,0,0,4
BRDA:12,0,1,1
BRF:2
BRH:2
end_of_record
TN:
SF:src/features/welcome/styles.js
FNF:0
FNH:0
LF:0
LH:0
BRF:0
BRH:0
end_of_record
TN:
SF:src/navigation/index.js
FN:8,(anonymous_0)
FN:16,(anonymous_1)
FNF:2
FNH:2
FNDA:4,(anonymous_0)
FNDA:4,(anonymous_1)
DA:8,2
DA:9,4
DA:16,4
LF:3
LH:3
BRDA:11,0,0,3
BRDA:11,0,1,1
BRDA:11,1,0,4
BRDA:11,1,1,4
BRF:4
BRH:4
end_of_record
TN:
SF:src/navigation/anon/index.js
FN:7,(anonymous_0)
FN:11,(anonymous_1)
FNF:2
FNH:2
FNDA:3,(anonymous_0)
FNDA:9,(anonymous_1)
DA:4,2
DA:7,2
DA:8,3
DA:9,3
DA:12,9
LF:5
LH:5
BRF:0
BRH:0
end_of_record
TN:
SF:src/navigation/auth/index.js
FN:7,(anonymous_0)
FN:11,(anonymous_1)
FNF:2
FNH:2
FNDA:1,(anonymous_0)
FNDA:4,(anonymous_1)
DA:4,2
DA:7,2
DA:8,1
DA:9,1
DA:12,4
LF:5
LH:5
BRF:0
BRH:0
end_of_record
TN:
SF:src/screens/Welcome.js
FN:2,(anonymous_0)
FNF:1
FNH:0
FNDA:0,(anonymous_0)
DA:2,0
DA:3,0
LF:2
LH:0
BRF:0
BRH:0
end_of_record
TN:
SF:src/screens/index.js
FNF:0
FNH:0
LF:0
LH:0
BRF:0
BRH:0
end_of_record
TN:
SF:src/screens/customer/Add/index.js
FN:13,(anonymous_0)
FN:14,(anonymous_1)
FN:38,(anonymous_2)
FNF:3
FNH:0
FNDA:0,(anonymous_0)
FNDA:0,(anonymous_1)
FNDA:0,(anonymous_2)
DA:13,2
DA:14,0
DA:15,0
DA:16,0
DA:18,0
DA:24,0
DA:26,0
DA:28,0
DA:38,2
LF:9
LH:2
BRDA:15,0,0,0
BRDA:15,0,1,0
BRDA:31,1,0,0
BRDA:31,1,1,0
BRF:4
BRH:0
end_of_record
TN:
SF:src/screens/customer/Edit/index.js
FNF:0
FNH:0
LF:0
LH:0
BRF:0
BRH:0
end_of_record
TN:
SF:src/screens/customer/ViewAll/index.js
FN:11,(anonymous_0)
FN:17,(anonymous_1)
FN:18,(anonymous_2)
FN:19,(anonymous_3)
FN:25,(anonymous_4)
FNF:5
FNH:2
FNDA:1,(anonymous_0)
FNDA:0,(anonymous_1)
FNDA:0,(anonymous_2)
FNDA:0,(anonymous_3)
FNDA:1,(anonymous_4)
DA:11,2
DA:12,1
DA:13,1
DA:17,0
DA:18,0
DA:19,0
DA:25,2
LF:7
LH:4
BRDA:15,0,0,1
BRDA:15,0,1,1
BRF:2
BRH:2
end_of_record
TN:
SF:src/screens/customer/ViewOne/index.js
FN:8,(anonymous_0)
FN:18,(anonymous_1)
FN:19,(anonymous_2)
FNF:3
FNH:0
FNDA:0,(anonymous_0)
FNDA:0,(anonymous_1)
FNDA:0,(anonymous_2)
DA:8,2
DA:9,0
DA:18,2
DA:19,0
DA:20,0
DA:21,0
LF:6
LH:2
BRF:0
BRH:0
end_of_record
TN:
SF:src/screens/home/index.js
FN:7,(anonymous_0)
FN:14,(anonymous_1)
FNF:2
FNH:1
FNDA:3,(anonymous_0)
FNDA:0,(anonymous_1)
DA:7,2
DA:8,3
DA:14,0
LF:3
LH:2
BRDA:13,0,0,3
BRDA:13,0,1,3
BRF:2
BRH:2
end_of_record
TN:
SF:src/screens/login/index.js
FN:10,(anonymous_0)
FN:19,(anonymous_1)
FN:20,(anonymous_2)
FN:26,(anonymous_3)
FNF:4
FNH:0
FNDA:0,(anonymous_0)
FNDA:0,(anonymous_1)
FNDA:0,(anonymous_2)
FNDA:0,(anonymous_3)
DA:10,2
DA:11,0
DA:13,0
DA:19,0
DA:20,0
DA:26,2
LF:6
LH:2
BRDA:18,0,0,0
BRDA:18,0,1,0
BRF:2
BRH:0
end_of_record
TN:
SF:src/screens/region/Add/index.js
FNF:0
FNH:0
LF:0
LH:0
BRF:0
BRH:0
end_of_record
TN:
SF:src/screens/region/ViewAll/index.js
FN:7,(anonymous_0)
FN:15,(anonymous_1)
FN:18,(anonymous_2)
FNF:3
FNH:0
FNDA:0,(anonymous_0)
FNDA:0,(anonymous_1)
FNDA:0,(anonymous_2)
DA:7,2
DA:8,0
DA:16,0
DA:18,0
LF:4
LH:1
BRDA:10,0,0,0
BRDA:10,0,1,0
BRF:2
BRH:0
end_of_record
TN:
SF:src/screens/support/index.js
FN:8,(anonymous_0)
FN:15,(anonymous_1)
FN:16,(anonymous_2)
FNF:3
FNH:0
FNDA:0,(anonymous_0)
FNDA:0,(anonymous_1)
FNDA:0,(anonymous_2)
DA:8,2
DA:9,0
DA:15,0
DA:16,0
LF:4
LH:1
BRDA:14,0,0,0
BRDA:14,0,1,0
BRF:2
BRH:0
end_of_record
TN:
SF:src/store/index.js
FN:8,(anonymous_0)
FN:8,(anonymous_1)
FN:8,(anonymous_2)
FN:17,(anonymous_3)
FN:18,(anonymous_4)
FN:24,(anonymous_5)
FNF:6
FNH:5
FNDA:5,(anonymous_0)
FNDA:5,(anonymous_1)
FNDA:0,(anonymous_2)
FNDA:1,(anonymous_3)
FNDA:1,(anonymous_4)
FNDA:5,(anonymous_5)
DA:8,5
DA:9,0
DA:10,0
DA:11,0
DA:12,0
DA:13,0
DA:14,0
DA:17,3
DA:18,1
DA:19,1
DA:24,3
DA:25,5
DA:26,5
DA:30,5
DA:32,5
LF:15
LH:9
BRDA:24,0,0,4
BRDA:27,1,0,4
BRDA:27,1,1,1
BRF:3
BRH:3
end_of_record
TN:
SF:src/store/reducer.js
FNF:0
FNH:0
LF:0
LH:0
BRF:0
BRH:0
end_of_record
TN:
SF:src/store/sagas.js
FN:6,rootSaga
FNF:1
FNH:1
FNDA:5,rootSaga
DA:7,5
LF:1
LH:1
BRF:0
BRH:0
end_of_record
TN:
SF:src/utils/_DATA.js
FN:13,(anonymous_0)
FN:20,(anonymous_1)
FNF:2
FNH:0
FNDA:0,(anonymous_0)
FNDA:0,(anonymous_1)
DA:2,2
DA:13,2
DA:14,0
DA:15,0
DA:16,0
DA:17,0
DA:20,2
DA:21,0
LF:8
LH:3
BRDA:13,0,0,0
BRF:1
BRH:0
end_of_record
